<?xml version="1.0" encoding="UTF-8"?>
<!-- Generated by org.testng.reporters.JUnitXMLReporter -->
<testsuite ignored="0" hostname="DESKTOP-ECUP9G1" failures="1" tests="21" name="Test" time="40.909" errors="0" timestamp="2021-06-02T21:03:12 IST">
  <testcase classname="QueueCodes.LoginPageTest" name="basePageNavigation" time="4.992"/>
  <testcase classname="QueueCodes.LoginPageTest" name="basePageNavigation" time="0.496"/>
  <testcase classname="QueueCodes.HPTitleValidaton" name="titleValidation" time="0.027"/>
  <testcase classname="QueueCodes.LoginPageTest" name="basePageNavigation" time="0.566"/>
  <testcase classname="QueueCodes.LoginPageTest" name="basePageNavigation" time="0.39"/>
  <testcase classname="QueueCodes.LoginPageTest" name="basePageNavigation" time="0.38"/>
  <testcase classname="QueueCodes.LoginPageTest" name="basePageNavigation" time="0.818"/>
  <testcase classname="QueueCodes.LoginPageTest" name="basePageNavigation" time="0.909"/>
  <testcase classname="QueueCodes.HPTextValidation" name="textValidation" time="0.052">
    <failure type="java.lang.AssertionError" message="expected [QueueCodes123] but found [QueueCodes]">
      <![CDATA[java.lang.AssertionError: expected [QueueCodes123] but found [QueueCodes]
at QueueCodes.HPTextValidation.textValidation(HPTextValidation.java:33)
at java.base/java.util.concurrent.ThreadPoolExecutor.runWorker(ThreadPoolExecutor.java:1130)
at java.base/java.util.concurrent.ThreadPoolExecutor$Worker.run(ThreadPoolExecutor.java:630)
at java.base/java.lang.Thread.run(Thread.java:832)
... Removed 17 stack frames]]>
    </failure>
  </testcase> <!-- textValidation -->
  <testcase classname="QueueCodes.Users" name="usersInHome" time="3.539"/>
  <testcase classname="QueueCodes.ScenarioDashboard" name="Scenario" time="5.329"/>
  <testcase classname="QueueCodes.ScenarioDashboard" name="clickMe" time="5.663"/>
  <testcase classname="QueueCodes.RegisterUser" name="registerUser" time="0.378"/>
  <testcase classname="QueueCodes.RegisterUser" name="registerUser" time="0.298"/>
  <testcase classname="QueueCodes.RegisterUser" name="registerUser" time="0.295"/>
  <testcase classname="QueueCodes.RegisterUser" name="registerUser" time="0.297"/>
  <testcase classname="QueueCodes.RegisterUser" name="registerUser" time="0.278"/>
  <testcase classname="QueueCodes.RegisterUser" name="registerUser" time="0.28"/>
  <testcase classname="QueueCodes.RegisterUser" name="registerUser" time="0.263"/>
  <testcase classname="QueueCodes.RegisterUser" name="registerUser" time="0.277"/>
  <testcase classname="QueueCodes.RegisterUser" name="registerUser" time="0.284"/>
</testsuite> <!-- Test -->
