<?xml version="1.0" encoding="UTF-8"?>
<!-- Generated by org.testng.reporters.JUnitXMLReporter -->
<testsuite hostname="DESKTOP-ECUP9G1" ignored="0" name="Test" tests="21" failures="1" timestamp="2021-06-03T23:31:34 IST" time="132.607" errors="0">
  <testcase name="basePageNavigation" time="16.788" classname="QueueCodes.LoginPageTest"/>
  <testcase name="basePageNavigation" time="1.701" classname="QueueCodes.LoginPageTest"/>
  <testcase name="basePageNavigation" time="0.447" classname="QueueCodes.LoginPageTest"/>
  <testcase name="basePageNavigation" time="0.489" classname="QueueCodes.LoginPageTest"/>
  <testcase name="basePageNavigation" time="0.718" classname="QueueCodes.LoginPageTest"/>
  <testcase name="basePageNavigation" time="0.41" classname="QueueCodes.LoginPageTest"/>
  <testcase name="titleValidation" time="0.327" classname="QueueCodes.HPTitleValidaton"/>
  <testcase name="basePageNavigation" time="11.578" classname="QueueCodes.LoginPageTest"/>
  <testcase name="textValidation" time="0.192" classname="QueueCodes.HPTextValidation">
    <failure type="java.lang.AssertionError" message="expected [QueueCodes123] but found [QueueCodes]">
      <![CDATA[java.lang.AssertionError: expected [QueueCodes123] but found [QueueCodes]
at QueueCodes.HPTextValidation.textValidation(HPTextValidation.java:33)
at java.util.concurrent.ThreadPoolExecutor.runWorker(ThreadPoolExecutor.java:1149)
at java.util.concurrent.ThreadPoolExecutor$Worker.run(ThreadPoolExecutor.java:624)
at java.lang.Thread.run(Thread.java:748)
... Removed 17 stack frames]]>
    </failure>
  </testcase> <!-- textValidation -->
  <testcase name="Scenario" time="8.591" classname="QueueCodes.ScenarioDashboard"/>
  <testcase name="clickMe" time="6.721" classname="QueueCodes.ScenarioDashboard"/>
  <testcase name="usersInHome" time="3.465" classname="QueueCodes.Users"/>
  <testcase name="registerUser" time="0.644" classname="QueueCodes.RegisterUser"/>
  <testcase name="registerUser" time="0.335" classname="QueueCodes.RegisterUser"/>
  <testcase name="registerUser" time="0.692" classname="QueueCodes.RegisterUser"/>
  <testcase name="registerUser" time="0.457" classname="QueueCodes.RegisterUser"/>
  <testcase name="registerUser" time="0.716" classname="QueueCodes.RegisterUser"/>
  <testcase name="registerUser" time="0.258" classname="QueueCodes.RegisterUser"/>
  <testcase name="registerUser" time="0.243" classname="QueueCodes.RegisterUser"/>
  <testcase name="registerUser" time="0.263" classname="QueueCodes.RegisterUser"/>
  <testcase name="registerUser" time="0.269" classname="QueueCodes.RegisterUser"/>
</testsuite> <!-- Test -->
